Using pre-set license
Built from '2021.3/staging' branch; Version is '2021.3.23f1 (213b516bf396) revision 2177873'; Using compiler version '192829333'; Build Type 'Release'
OS: 'Windows 10  (10.0.19045) 64bit Professional' Language: 'ru' Physical Memory: 16322 MB
BatchMode: 1, IsHumanControllingUs: 0, StartBugReporterOnCrash: 0, Is64bit: 1, IsPro: 1

COMMAND LINE ARGUMENTS:
C:\Program Files\Unity\Hub\Editor\2021.3.23f1\Editor\Unity.exe
-adb2
-batchMode
-noUpm
-name
AssetImportWorker2
-projectPath
C:/Users/7dipp/OneDrive/Desktop/ivanova2DPlatformer
-logFile
Logs/AssetImportWorker2.log
-srvPort
63831
Successfully changed project path to: C:/Users/7dipp/OneDrive/Desktop/ivanova2DPlatformer
C:/Users/7dipp/OneDrive/Desktop/ivanova2DPlatformer
[UnityMemory] Configuration Parameters - Can be set up in boot.config
    "memorysetup-bucket-allocator-granularity=16"
    "memorysetup-bucket-allocator-bucket-count=8"
    "memorysetup-bucket-allocator-block-size=33554432"
    "memorysetup-bucket-allocator-block-count=8"
    "memorysetup-main-allocator-block-size=16777216"
    "memorysetup-thread-allocator-block-size=16777216"
    "memorysetup-gfx-main-allocator-block-size=16777216"
    "memorysetup-gfx-thread-allocator-block-size=16777216"
    "memorysetup-cache-allocator-block-size=4194304"
    "memorysetup-typetree-allocator-block-size=2097152"
    "memorysetup-profiler-bucket-allocator-granularity=16"
    "memorysetup-profiler-bucket-allocator-bucket-count=8"
    "memorysetup-profiler-bucket-allocator-block-size=33554432"
    "memorysetup-profiler-bucket-allocator-block-count=8"
    "memorysetup-profiler-allocator-block-size=16777216"
    "memorysetup-profiler-editor-allocator-block-size=1048576"
    "memorysetup-temp-allocator-size-main=16777216"
    "memorysetup-job-temp-allocator-block-size=2097152"
    "memorysetup-job-temp-allocator-block-size-background=1048576"
    "memorysetup-job-temp-allocator-reduction-small-platforms=262144"
    "memorysetup-temp-allocator-size-background-worker=32768"
    "memorysetup-temp-allocator-size-job-worker=262144"
    "memorysetup-temp-allocator-size-preload-manager=33554432"
    "memorysetup-temp-allocator-size-nav-mesh-worker=65536"
    "memorysetup-temp-allocator-size-audio-worker=65536"
    "memorysetup-temp-allocator-size-cloud-worker=32768"
    "memorysetup-temp-allocator-size-gi-baking-worker=262144"
    "memorysetup-temp-allocator-size-gfx=262144"
Player connection [25144] Host "[IP] 192.168.0.105 [Port] 0 [Flags] 2 [Guid] 275993907 [EditorId] 275993907 [Version] 1048832 [Id] WindowsEditor(7,DESKTOP-OH10KNV) [Debug] 1 [PackageName] WindowsEditor [ProjectName] Editor" joined multi-casting on [225.0.0.222:54997]...

Player connection [25144] Host "[IP] 192.168.0.105 [Port] 0 [Flags] 2 [Guid] 275993907 [EditorId] 275993907 [Version] 1048832 [Id] WindowsEditor(7,DESKTOP-OH10KNV) [Debug] 1 [PackageName] WindowsEditor [ProjectName] Editor" joined alternative multi-casting on [225.0.0.222:34997]...

Refreshing native plugins compatible for Editor in 93.13 ms, found 4 plugins.
Preloading 0 native plugins for Editor in 0.00 ms.
Initialize engine version: 2021.3.23f1 (213b516bf396)
[Subsystems] Discovering subsystems at path C:/Program Files/Unity/Hub/Editor/2021.3.23f1/Editor/Data/Resources/UnitySubsystems
[Subsystems] Discovering subsystems at path C:/Users/7dipp/OneDrive/Desktop/ivanova2DPlatformer/Assets
GfxDevice: creating device client; threaded=0; jobified=0
Direct3D:
    Version:  Direct3D 11.0 [level 11.1]
    Renderer: NVIDIA GeForce RTX 2070 SUPER (ID=0x1e84)
    Vendor:   NVIDIA
    VRAM:     7989 MB
    Driver:   32.0.15.6094
Initialize mono
Mono path[0] = 'C:/Program Files/Unity/Hub/Editor/2021.3.23f1/Editor/Data/Managed'
Mono path[1] = 'C:/Program Files/Unity/Hub/Editor/2021.3.23f1/Editor/Data/MonoBleedingEdge/lib/mono/unityjit-win32'
Mono config path = 'C:/Program Files/Unity/Hub/Editor/2021.3.23f1/Editor/Data/MonoBleedingEdge/etc'
Using monoOptions --debugger-agent=transport=dt_socket,embedding=1,server=y,suspend=n,address=127.0.0.1:56924
Begin MonoManager ReloadAssembly
Registering precompiled unity dll's ...
Register platform support module: C:/Program Files/Unity/Hub/Editor/2021.3.23f1/Editor/Data/PlaybackEngines/WindowsStandaloneSupport/UnityEditor.WindowsStandalone.Extensions.dll
Registered in 0.006088 seconds.
Native extension for WindowsStandalone target not found
Refreshing native plugins compatible for Editor in 88.85 ms, found 4 plugins.
Preloading 0 native plugins for Editor in 0.00 ms.
Mono: successfully reloaded assembly
- Completed reload, in  0.628 seconds
Domain Reload Profiling:
	ReloadAssembly (629ms)
		BeginReloadAssembly (78ms)
			ExecutionOrderSort (0ms)
			DisableScriptedObjects (0ms)
			BackupInstance (0ms)
			ReleaseScriptingObjects (0ms)
			CreateAndSetChildDomain (1ms)
		EndReloadAssembly (453ms)
			LoadAssemblies (76ms)
			RebuildTransferFunctionScriptingTraits (0ms)
			SetupTypeCache (105ms)
			ReleaseScriptCaches (0ms)
			RebuildScriptCaches (27ms)
			SetupLoadedEditorAssemblies (272ms)
				LogAssemblyErrors (0ms)
				InitializePlatformSupportModulesInManaged (8ms)
				SetLoadedEditorAssemblies (0ms)
				RefreshPlugins (89ms)
				BeforeProcessingInitializeOnLoad (1ms)
				ProcessInitializeOnLoadAttributes (129ms)
				ProcessInitializeOnLoadMethodAttributes (45ms)
				AfterProcessingInitializeOnLoad (0ms)
				EditorAssembliesLoaded (0ms)
			ExecutionOrderSort2 (0ms)
			AwakeInstancesAfterBackupRestoration (0ms)
Platform modules already initialized, skipping
Registering precompiled user dll's ...
Registered in 0.006988 seconds.
Begin MonoManager ReloadAssembly
Symbol file LoadedFromMemory doesn't match image C:\Users\7dipp\OneDrive\Desktop\ivanova2DPlatformer\Library\PackageCache\com.unity.visualscripting@1.8.0\Editor\VisualScripting.Core\Dependencies\YamlDotNet\Unity.VisualScripting.YamlDotNet.dll
Symbol file LoadedFromMemory doesn't match image C:\Users\7dipp\OneDrive\Desktop\ivanova2DPlatformer\Library\PackageCache\com.unity.visualscripting@1.8.0\Editor\VisualScripting.Core\Dependencies\DotNetZip\Unity.VisualScripting.IonicZip.dll
Native extension for WindowsStandalone target not found
Refreshing native plugins compatible for Editor in 84.11 ms, found 4 plugins.
Preloading 0 native plugins for Editor in 0.00 ms.
Mono: successfully reloaded assembly
- Completed reload, in  1.075 seconds
Domain Reload Profiling:
	ReloadAssembly (1075ms)
		BeginReloadAssembly (112ms)
			ExecutionOrderSort (0ms)
			DisableScriptedObjects (6ms)
			BackupInstance (0ms)
			ReleaseScriptingObjects (0ms)
			CreateAndSetChildDomain (18ms)
		EndReloadAssembly (861ms)
			LoadAssemblies (82ms)
			RebuildTransferFunctionScriptingTraits (0ms)
			SetupTypeCache (231ms)
			ReleaseScriptCaches (1ms)
			RebuildScriptCaches (54ms)
			SetupLoadedEditorAssemblies (457ms)
				LogAssemblyErrors (0ms)
				InitializePlatformSupportModulesInManaged (5ms)
				SetLoadedEditorAssemblies (0ms)
				RefreshPlugins (84ms)
				BeforeProcessingInitializeOnLoad (90ms)
				ProcessInitializeOnLoadAttributes (234ms)
				ProcessInitializeOnLoadMethodAttributes (37ms)
				AfterProcessingInitializeOnLoad (8ms)
				EditorAssembliesLoaded (0ms)
			ExecutionOrderSort2 (0ms)
			AwakeInstancesAfterBackupRestoration (6ms)
Platform modules already initialized, skipping
========================================================================
Worker process is ready to serve import requests
Launched and connected shader compiler UnityShaderCompiler.exe after 0.09 seconds
Refreshing native plugins compatible for Editor in 0.73 ms, found 4 plugins.
Preloading 0 native plugins for Editor in 0.00 ms.
Unloading 3805 Unused Serialized files (Serialized files now loaded: 0)
Unloading 35 unused Assets / (56.5 KB). Loaded Objects now: 4265.
Memory consumption went from 146.6 MB to 146.5 MB.
Total: 3.383800 ms (FindLiveObjects: 0.343400 ms CreateObjectMapping: 0.306200 ms MarkObjects: 2.639800 ms  DeleteObjects: 0.093400 ms)

AssetImportParameters requested are different than current active one (requested -> active):
  custom:video-decoder-ogg-theora: a1e56fd34408186e4bbccfd4996cb3dc -> 
  custom:container-muxer-webm: aa71ff27fc2769a1b78a27578f13a17b -> 
  custom:container-demuxer-webm: 4f35f7cbe854078d1ac9338744f61a02 -> 
  custom:video-encoder-webm-vp8: eb34c28f22e8b96e1ab97ce403110664 -> 
  custom:audio-encoder-webm-vorbis: bf7c407c2cedff20999df2af8eb42d56 -> 
  custom:framework-win-MediaFoundation: 216162199b28c13a410421893ffa2e32 -> 
  custom:container-demuxer-ogg: 62fdf1f143b41e24485cea50d1cbac27 -> 
  custom:video-decoder-webm-vp8: 9c59270c3fd7afecdb556c50c9e8de78 -> 
  custom:audio-decoder-ogg-vorbis: bf7c407c2cedff20999df2af8eb42d56 -> 
========================================================================
Received Import Request.
  Time since last request: 51086.652143 seconds.
  path: Assets/Material/PlayerFriction.physicsMaterial2D
  artifactKey: Guid(b9cce184db49d9844b0f554033304abe) Importer(815301076,1909f56bfc062723c751e8b465ee728b)
Start importing Assets/Material/PlayerFriction.physicsMaterial2D using Guid(b9cce184db49d9844b0f554033304abe) Importer(815301076,1909f56bfc062723c751e8b465ee728b)  -> (artifact id: '12a0b34f44f97d3ac13ca9d19a72dc93') in 0.059437 seconds 
========================================================================
Received Import Request.
  Time since last request: 0.771741 seconds.
  path: Assets/Fonts/PixelFont_5x5.ttf
  artifactKey: Guid(140a5b184aec2f54ab363868850cf99f) Importer(815301076,1909f56bfc062723c751e8b465ee728b)
Start importing Assets/Fonts/PixelFont_5x5.ttf using Guid(140a5b184aec2f54ab363868850cf99f) Importer(815301076,1909f56bfc062723c751e8b465ee728b)  -> (artifact id: 'ffbcc9a1bfb2b790498fe36656fc0a73') in 0.115555 seconds 
========================================================================
Received Import Request.
  Time since last request: 4.034811 seconds.
  path: Assets/Spirits/Bat.png
  artifactKey: Guid(d8eff7dd9a4879c499a699f35175af2c) Importer(815301076,1909f56bfc062723c751e8b465ee728b)
Start importing Assets/Spirits/Bat.png using Guid(d8eff7dd9a4879c499a699f35175af2c) Importer(815301076,1909f56bfc062723c751e8b465ee728b)  -> (artifact id: '14e42230b224b64c5e052634407f53e0') in 0.077150 seconds 
========================================================================
Received Import Request.
  Time since last request: 0.000017 seconds.
  path: Assets/Spirits/MovingPlatform.png
  artifactKey: Guid(eb25bf2076c8cf945b685135c95697a9) Importer(815301076,1909f56bfc062723c751e8b465ee728b)
Start importing Assets/Spirits/MovingPlatform.png using Guid(eb25bf2076c8cf945b685135c95697a9) Importer(815301076,1909f56bfc062723c751e8b465ee728b)  -> (artifact id: '55be45e9585e4bb1a009ce955c431ac0') in 0.029398 seconds 
========================================================================
Received Import Request.
  Time since last request: 0.000019 seconds.
  path: Assets/Spirits/TreasureBox.png
  artifactKey: Guid(c32f2b10457af5c4dbad172e9e939e2a) Importer(815301076,1909f56bfc062723c751e8b465ee728b)
Start importing Assets/Spirits/TreasureBox.png using Guid(c32f2b10457af5c4dbad172e9e939e2a) Importer(815301076,1909f56bfc062723c751e8b465ee728b)  -> (artifact id: '60adb6940c3f7d184c1b5bd5fdf6060c') in 0.144252 seconds 
========================================================================
Received Import Request.
  Time since last request: 0.000018 seconds.
  path: Assets/Spirits/Ladder.png
  artifactKey: Guid(fa23b15b5ec45ac458486c4ffae00d50) Importer(815301076,1909f56bfc062723c751e8b465ee728b)
Start importing Assets/Spirits/Ladder.png using Guid(fa23b15b5ec45ac458486c4ffae00d50) Importer(815301076,1909f56bfc062723c751e8b465ee728b)  -> (artifact id: 'dd116c4171ad015d5a8829e25684d569') in 0.019337 seconds 
========================================================================
Received Import Request.
  Time since last request: 0.000072 seconds.
  path: Assets/Spirits/MainMenuScreen.png
  artifactKey: Guid(f132ffe492e7952409c49e9662ad9dc7) Importer(815301076,1909f56bfc062723c751e8b465ee728b)
Start importing Assets/Spirits/MainMenuScreen.png using Guid(f132ffe492e7952409c49e9662ad9dc7) Importer(815301076,1909f56bfc062723c751e8b465ee728b)  -> (artifact id: '35fcaae0e398ce082c6acf64e0460bbe') in 0.084275 seconds 
========================================================================
Received Import Request.
  Time since last request: 0.000017 seconds.
  path: Assets/Spirits/PlayerSheet.png
  artifactKey: Guid(35421cb39aebb7645a22edd88bab4abb) Importer(815301076,1909f56bfc062723c751e8b465ee728b)
Start importing Assets/Spirits/PlayerSheet.png using Guid(35421cb39aebb7645a22edd88bab4abb) Importer(815301076,1909f56bfc062723c751e8b465ee728b)  -> (artifact id: '40d52182b9460a08b6fbeed64513aab1') in 0.096488 seconds 
Editor requested this worker to shutdown with reason: Scaling down because of idle timeout
AssetImportWorker is now disconnected from the server
Process exiting
Exiting without the bug reporter. Application will terminate with return code 0